<?xml version="1.0" encoding="UTF-8"?>
<coverage generated="1586099271124" clover="3.2.0">
  <project timestamp="1586099271124" name="All files">
    <metrics statements="18" coveredstatements="15" conditionals="11" coveredconditionals="8" methods="4" coveredmethods="4" elements="33" coveredelements="27" complexity="0" loc="18" ncloc="18" packages="2" files="2" classes="2"/>
    <package name="LoanCalculator">
      <metrics statements="7" coveredstatements="7" conditionals="6" coveredconditionals="6" methods="2" coveredmethods="2"/>
      <file name="LoanCalculator.js" path="/Users/muhammad-arslan.kha/Desktop/personal/interviews/loan-calculator/packages/frontend/src/components/LoanCalculator/LoanCalculator.js">
        <metrics statements="7" coveredstatements="7" conditionals="6" coveredconditionals="6" methods="2" coveredmethods="2"/>
        <line num="8" count="1" type="stmt"/>
        <line num="9" count="8" type="stmt"/>
        <line num="10" count="8" type="stmt"/>
        <line num="11" count="8" type="stmt"/>
        <line num="12" count="8" type="stmt"/>
        <line num="13" count="1" type="stmt"/>
        <line num="16" count="8" type="stmt"/>
      </file>
    </package>
    <package name="shared">
      <metrics statements="11" coveredstatements="8" conditionals="5" coveredconditionals="2" methods="2" coveredmethods="2"/>
      <file name="Alert.js" path="/Users/muhammad-arslan.kha/Desktop/personal/interviews/loan-calculator/packages/frontend/src/components/shared/Alert.js">
        <metrics statements="11" coveredstatements="8" conditionals="5" coveredconditionals="2" methods="2" coveredmethods="2"/>
        <line num="5" count="1" type="stmt"/>
        <line num="6" count="1" type="cond" truecount="1" falsecount="2"/>
        <line num="8" count="0" type="stmt"/>
        <line num="11" count="0" type="stmt"/>
        <line num="14" count="1" type="stmt"/>
        <line num="18" count="1" type="stmt"/>
        <line num="19" count="1" type="cond" truecount="1" falsecount="1"/>
        <line num="20" count="1" type="stmt"/>
        <line num="30" count="0" type="stmt"/>
        <line num="33" count="1" type="stmt"/>
        <line num="38" count="1" type="stmt"/>
      </file>
    </package>
  </project>
</coverage>
