{"/Users/muhammad-arslan.kha/Desktop/personal/interviews/loan-calculator/packages/frontend/src/components/App.js": {"path":"/Users/muhammad-arslan.kha/Desktop/personal/interviews/loan-calculator/packages/frontend/src/components/App.js","statementMap":{"0":{"start":{"line":13,"column":29},"end":{"line":13,"column":66}},"1":{"start":{"line":14,"column":40},"end":{"line":16,"column":3}},"2":{"start":{"line":18,"column":2},"end":{"line":38,"column":3}}},"fnMap":{"0":{"name":"App","decl":{"start":{"line":12,"column":9},"end":{"line":12,"column":12}},"loc":{"start":{"line":12,"column":15},"end":{"line":39,"column":1}},"line":12}},"branchMap":{"0":{"loc":{"start":{"line":26,"column":9},"end":{"line":35,"column":9}},"type":"cond-expr","locations":[{"start":{"line":27,"column":10},"end":{"line":29,"column":14}},{"start":{"line":31,"column":10},"end":{"line":34,"column":14}}],"line":26}},"s":{"0":3,"1":3,"2":3},"f":{"0":3},"b":{"0":[1,2]},"_coverageSchema":"43e27e138ebf9cfc5966b082cf9a028302ed4184","hash":"987bfe112ae192f731c264dbc13d6526c170c15c"}
}
