{"/Users/muhammad-arslan.kha/Desktop/personal/interviews/loan-calculator/packages/frontend/src/components/LoanCalculator/LoanCalculator.js": {"path":"/Users/muhammad-arslan.kha/Desktop/personal/interviews/loan-calculator/packages/frontend/src/components/LoanCalculator/LoanCalculator.js","statementMap":{"0":{"start":{"line":8,"column":23},"end":{"line":67,"column":1}},"1":{"start":{"line":9,"column":19},"end":{"line":9,"column":32}},"2":{"start":{"line":10,"column":24},"end":{"line":10,"column":56}},"3":{"start":{"line":11,"column":45},"end":{"line":11,"column":54}},"4":{"start":{"line":12,"column":19},"end":{"line":14,"column":3}},"5":{"start":{"line":13,"column":4},"end":{"line":13,"column":38}},"6":{"start":{"line":16,"column":2},"end":{"line":66,"column":3}}},"fnMap":{"0":{"name":"(anonymous_0)","decl":{"start":{"line":8,"column":23},"end":{"line":8,"column":24}},"loc":{"start":{"line":8,"column":29},"end":{"line":67,"column":1}},"line":8},"1":{"name":"(anonymous_1)","decl":{"start":{"line":12,"column":19},"end":{"line":12,"column":20}},"loc":{"start":{"line":12,"column":27},"end":{"line":14,"column":3}},"line":12}},"branchMap":{"0":{"loc":{"start":{"line":37,"column":7},"end":{"line":37,"column":58}},"type":"binary-expr","locations":[{"start":{"line":37,"column":7},"end":{"line":37,"column":20}},{"start":{"line":37,"column":24},"end":{"line":37,"column":58}}],"line":37},"1":{"loc":{"start":{"line":60,"column":7},"end":{"line":60,"column":62}},"type":"binary-expr","locations":[{"start":{"line":60,"column":7},"end":{"line":60,"column":22}},{"start":{"line":60,"column":26},"end":{"line":60,"column":62}}],"line":60},"2":{"loc":{"start":{"line":63,"column":9},"end":{"line":63,"column":55}},"type":"cond-expr","locations":[{"start":{"line":63,"column":25},"end":{"line":63,"column":41}},{"start":{"line":63,"column":44},"end":{"line":63,"column":55}}],"line":63}},"s":{"0":1,"1":8,"2":8,"3":8,"4":8,"5":1,"6":8},"f":{"0":8,"1":1},"b":{"0":[8,2],"1":[8,2],"2":[2,6]},"_coverageSchema":"43e27e138ebf9cfc5966b082cf9a028302ed4184","hash":"d46749f75c1108c24e740b8e3106dfdee8fe21ea"}
,"/Users/muhammad-arslan.kha/Desktop/personal/interviews/loan-calculator/packages/frontend/src/components/shared/Alert.js": {"path":"/Users/muhammad-arslan.kha/Desktop/personal/interviews/loan-calculator/packages/frontend/src/components/shared/Alert.js","statementMap":{"0":{"start":{"line":5,"column":21},"end":{"line":16,"column":1}},"1":{"start":{"line":6,"column":2},"end":{"line":15,"column":3}},"2":{"start":{"line":8,"column":6},"end":{"line":8,"column":27}},"3":{"start":{"line":11,"column":6},"end":{"line":11,"column":27}},"4":{"start":{"line":14,"column":6},"end":{"line":14,"column":26}},"5":{"start":{"line":18,"column":14},"end":{"line":31,"column":1}},"6":{"start":{"line":19,"column":2},"end":{"line":28,"column":3}},"7":{"start":{"line":20,"column":4},"end":{"line":27,"column":5}},"8":{"start":{"line":30,"column":2},"end":{"line":30,"column":13}},"9":{"start":{"line":33,"column":0},"end":{"line":36,"column":1}},"10":{"start":{"line":38,"column":0},"end":{"line":41,"column":1}}},"fnMap":{"0":{"name":"(anonymous_0)","decl":{"start":{"line":5,"column":21},"end":{"line":5,"column":22}},"loc":{"start":{"line":5,"column":42},"end":{"line":16,"column":1}},"line":5},"1":{"name":"(anonymous_1)","decl":{"start":{"line":18,"column":14},"end":{"line":18,"column":15}},"loc":{"start":{"line":18,"column":40},"end":{"line":31,"column":1}},"line":18}},"branchMap":{"0":{"loc":{"start":{"line":6,"column":2},"end":{"line":15,"column":3}},"type":"switch","locations":[{"start":{"line":7,"column":4},"end":{"line":8,"column":27}},{"start":{"line":10,"column":4},"end":{"line":11,"column":27}},{"start":{"line":13,"column":4},"end":{"line":14,"column":26}}],"line":6},"1":{"loc":{"start":{"line":19,"column":2},"end":{"line":28,"column":3}},"type":"if","locations":[{"start":{"line":19,"column":2},"end":{"line":28,"column":3}},{"start":{"line":19,"column":2},"end":{"line":28,"column":3}}],"line":19}},"s":{"0":1,"1":1,"2":0,"3":0,"4":1,"5":1,"6":1,"7":1,"8":0,"9":1,"10":1},"f":{"0":1,"1":1},"b":{"0":[0,0,1],"1":[1,0]},"_coverageSchema":"43e27e138ebf9cfc5966b082cf9a028302ed4184","hash":"473fd707b9e84128fc6c176c9db18ce27c60a2e3"}
}
