TN:
SF:/Users/muhammad-arslan.kha/Desktop/personal/interviews/loan-calculator/packages/frontend/src/components/LoanCalculator/LoanCalculator.js
FN:8,(anonymous_0)
FN:12,(anonymous_1)
FNF:2
FNH:2
FNDA:8,(anonymous_0)
FNDA:1,(anonymous_1)
DA:8,1
DA:9,8
DA:10,8
DA:11,8
DA:12,8
DA:13,1
DA:16,8
LF:7
LH:7
BRDA:37,0,0,8
BRDA:37,0,1,2
BRDA:60,1,0,8
BRDA:60,1,1,2
BRDA:63,2,0,2
BRDA:63,2,1,6
BRF:6
BRH:6
end_of_record
TN:
SF:/Users/muhammad-arslan.kha/Desktop/personal/interviews/loan-calculator/packages/frontend/src/components/shared/Alert.js
FN:5,(anonymous_0)
FN:18,(anonymous_1)
FNF:2
FNH:2
FNDA:1,(anonymous_0)
FNDA:1,(anonymous_1)
DA:5,1
DA:6,1
DA:8,0
DA:11,0
DA:14,1
DA:18,1
DA:19,1
DA:20,1
DA:30,0
DA:33,1
DA:38,1
LF:11
LH:8
BRDA:6,0,0,0
BRDA:6,0,1,0
BRDA:6,0,2,1
BRDA:19,1,0,1
BRDA:19,1,1,0
BRF:5
BRH:2
end_of_record
